<?xml version="1.0" encoding="UTF-8"?>
<testsuite name="searchingsortingbigopartb.prework.AmazonOrderServicePhase2Test" tests="7" skipped="0" failures="0" errors="0" timestamp="2024-08-28T01:24:31" hostname="DESKTOP-2F9TN2V" time="0.222">
  <properties/>
  <testcase name="findPackageBinary_asinLastItem_returnsCorrectAmazonPackage()" classname="searchingsortingbigopartb.prework.AmazonOrderServicePhase2Test" time="0.034"/>
  <testcase name="findPackageBinary_asinNotPresent_throwsPackageNotFoundException()" classname="searchingsortingbigopartb.prework.AmazonOrderServicePhase2Test" time="0.004"/>
  <testcase name="findPackageBinary_manyPackages_significantlyOutperformsFindPackageLinear()" classname="searchingsortingbigopartb.prework.AmazonOrderServicePhase2Test" time="0.173"/>
  <testcase name="findPackageBinary_emptyPackageList_throwsPackageNotFoundException()" classname="searchingsortingbigopartb.prework.AmazonOrderServicePhase2Test" time="0.003"/>
  <testcase name="findPackageBinary_asinFirstItem_returnsCorrectAmazonPackage()" classname="searchingsortingbigopartb.prework.AmazonOrderServicePhase2Test" time="0.002"/>
  <testcase name="findPackageBinary_asinPresent_returnsCorrectAmazonPackage()" classname="searchingsortingbigopartb.prework.AmazonOrderServicePhase2Test" time="0.0"/>
  <testcase name="findPackageBinary_asinPresentOneElementList_returnsCorrectAmazonPackage()" classname="searchingsortingbigopartb.prework.AmazonOrderServicePhase2Test" time="0.001"/>
  <system-out><![CDATA[]]></system-out>
  <system-err><![CDATA[]]></system-err>
</testsuite>
